2023-09-05T03:04:51.131Z [31merror[39m: uncaughtException: Invalid left-hand side in assignment
D:\đồ án\final_project_khai\controllers\category.controller.js:33
    if (!category || category.length = 0)
        ^^^^^^^^^^^^^^^^^^^^^^^^^^^^

SyntaxError: Invalid left-hand side in assignment
    at internalCompileFunction (node:internal/vm:73:18)
    at wrapSafe (node:internal/modules/cjs/loader:1178:20)
    at Module._compile (node:internal/modules/cjs/loader:1220:27)
    at Module._extensions..js (node:internal/modules/cjs/loader:1310:10)
    at Module.load (node:internal/modules/cjs/loader:1119:32)
    at Module._load (node:internal/modules/cjs/loader:960:12)
    at Module.require (node:internal/modules/cjs/loader:1143:19)
    at require (node:internal/modules/cjs/helpers:110:18)
    at Object.<anonymous> (D:\đồ án\final_project_khai\router\category.router.js:3:39)
    at Module._compile (node:internal/modules/cjs/loader:1256:14) - D:\đồ án\final_project_khai\controllers\category.controller.js:33
    if (!category || category.length = 0)
        ^^^^^^^^^^^^^^^^^^^^^^^^^^^^

SyntaxError: Invalid left-hand side in assignment
    at internalCompileFunction (node:internal/vm:73:18)
    at wrapSafe (node:internal/modules/cjs/loader:1178:20)
    at Module._compile (node:internal/modules/cjs/loader:1220:27)
    at Module._extensions..js (node:internal/modules/cjs/loader:1310:10)
    at Module.load (node:internal/modules/cjs/loader:1119:32)
    at Module._load (node:internal/modules/cjs/loader:960:12)
    at Module.require (node:internal/modules/cjs/loader:1143:19)
    at require (node:internal/modules/cjs/helpers:110:18)
    at Object.<anonymous> (D:\đồ án\final_project_khai\router\category.router.js:3:39)
    at Module._compile (node:internal/modules/cjs/loader:1256:14)
{"date":"Tue Sep 05 2023 10:04:51 GMT+0700 (Indochina Time)","error":{},"exception":true,"level":"error","message":"uncaughtException: Invalid left-hand side in assignment\nD:\\đồ án\\final_project_khai\\controllers\\category.controller.js:33\n    if (!category || category.length = 0)\n        ^^^^^^^^^^^^^^^^^^^^^^^^^^^^\n\nSyntaxError: Invalid left-hand side in assignment\n    at internalCompileFunction (node:internal/vm:73:18)\n    at wrapSafe (node:internal/modules/cjs/loader:1178:20)\n    at Module._compile (node:internal/modules/cjs/loader:1220:27)\n    at Module._extensions..js (node:internal/modules/cjs/loader:1310:10)\n    at Module.load (node:internal/modules/cjs/loader:1119:32)\n    at Module._load (node:internal/modules/cjs/loader:960:12)\n    at Module.require (node:internal/modules/cjs/loader:1143:19)\n    at require (node:internal/modules/cjs/helpers:110:18)\n    at Object.<anonymous> (D:\\đồ án\\final_project_khai\\router\\category.router.js:3:39)\n    at Module._compile (node:internal/modules/cjs/loader:1256:14)","os":{"loadavg":[0,0,0],"uptime":34621.812},"process":{"argv":["C:\\Program Files\\nodejs\\node.exe","D:\\đồ án\\final_project_khai\\app.js"],"cwd":"D:\\đồ án\\final_project_khai","execPath":"C:\\Program Files\\nodejs\\node.exe","gid":null,"memoryUsage":{"arrayBuffers":18842623,"external":19770658,"heapTotal":37408768,"heapUsed":25316688,"rss":73728000},"pid":9160,"uid":null,"version":"v18.16.1"},"stack":"D:\\đồ án\\final_project_khai\\controllers\\category.controller.js:33\n    if (!category || category.length = 0)\n        ^^^^^^^^^^^^^^^^^^^^^^^^^^^^\n\nSyntaxError: Invalid left-hand side in assignment\n    at internalCompileFunction (node:internal/vm:73:18)\n    at wrapSafe (node:internal/modules/cjs/loader:1178:20)\n    at Module._compile (node:internal/modules/cjs/loader:1220:27)\n    at Module._extensions..js (node:internal/modules/cjs/loader:1310:10)\n    at Module.load (node:internal/modules/cjs/loader:1119:32)\n    at Module._load (node:internal/modules/cjs/loader:960:12)\n    at Module.require (node:internal/modules/cjs/loader:1143:19)\n    at require (node:internal/modules/cjs/helpers:110:18)\n    at Object.<anonymous> (D:\\đồ án\\final_project_khai\\router\\category.router.js:3:39)\n    at Module._compile (node:internal/modules/cjs/loader:1256:14)","trace":[{"column":18,"file":"node:internal/vm","function":"internalCompileFunction","line":73,"method":null,"native":false},{"column":20,"file":"node:internal/modules/cjs/loader","function":"wrapSafe","line":1178,"method":null,"native":false},{"column":27,"file":"node:internal/modules/cjs/loader","function":"Module._compile","line":1220,"method":"_compile","native":false},{"column":10,"file":"node:internal/modules/cjs/loader","function":"Module._extensions..js","line":1310,"method":".js","native":false},{"column":32,"file":"node:internal/modules/cjs/loader","function":"Module.load","line":1119,"method":"load","native":false},{"column":12,"file":"node:internal/modules/cjs/loader","function":"Module._load","line":960,"method":"_load","native":false},{"column":19,"file":"node:internal/modules/cjs/loader","function":"Module.require","line":1143,"method":"require","native":false},{"column":18,"file":"node:internal/modules/cjs/helpers","function":"require","line":110,"method":null,"native":false},{"column":39,"file":"D:\\đồ án\\final_project_khai\\router\\category.router.js","function":null,"line":3,"method":null,"native":false},{"column":14,"file":"node:internal/modules/cjs/loader","function":"Module._compile","line":1256,"method":"_compile","native":false}]}
2023-09-05T03:07:22.900Z [31merror[39m: undefined
2023-09-05T03:07:53.490Z [31merror[39m: undefined
2023-09-05T03:08:09.788Z [31merror[39m: undefined
2023-09-05T03:08:19.908Z [31merror[39m: undefined
2023-09-05T03:11:56.585Z [31merror[39m: uncaughtException: Unexpected token ')'
D:\đồ án\final_project_khai\controllers\category.controller.js:71
      if(category.status ==)
                           ^

SyntaxError: Unexpected token ')'
    at internalCompileFunction (node:internal/vm:73:18)
    at wrapSafe (node:internal/modules/cjs/loader:1178:20)
    at Module._compile (node:internal/modules/cjs/loader:1220:27)
    at Module._extensions..js (node:internal/modules/cjs/loader:1310:10)
    at Module.load (node:internal/modules/cjs/loader:1119:32)
    at Module._load (node:internal/modules/cjs/loader:960:12)
    at Module.require (node:internal/modules/cjs/loader:1143:19)
    at require (node:internal/modules/cjs/helpers:110:18)
    at Object.<anonymous> (D:\đồ án\final_project_khai\router\category.router.js:3:39)
    at Module._compile (node:internal/modules/cjs/loader:1256:14) - D:\đồ án\final_project_khai\controllers\category.controller.js:71
      if(category.status ==)
                           ^

SyntaxError: Unexpected token ')'
    at internalCompileFunction (node:internal/vm:73:18)
    at wrapSafe (node:internal/modules/cjs/loader:1178:20)
    at Module._compile (node:internal/modules/cjs/loader:1220:27)
    at Module._extensions..js (node:internal/modules/cjs/loader:1310:10)
    at Module.load (node:internal/modules/cjs/loader:1119:32)
    at Module._load (node:internal/modules/cjs/loader:960:12)
    at Module.require (node:internal/modules/cjs/loader:1143:19)
    at require (node:internal/modules/cjs/helpers:110:18)
    at Object.<anonymous> (D:\đồ án\final_project_khai\router\category.router.js:3:39)
    at Module._compile (node:internal/modules/cjs/loader:1256:14)
{"date":"Tue Sep 05 2023 10:11:56 GMT+0700 (Indochina Time)","error":{},"exception":true,"level":"error","message":"uncaughtException: Unexpected token ')'\nD:\\đồ án\\final_project_khai\\controllers\\category.controller.js:71\n      if(category.status ==)\n                           ^\n\nSyntaxError: Unexpected token ')'\n    at internalCompileFunction (node:internal/vm:73:18)\n    at wrapSafe (node:internal/modules/cjs/loader:1178:20)\n    at Module._compile (node:internal/modules/cjs/loader:1220:27)\n    at Module._extensions..js (node:internal/modules/cjs/loader:1310:10)\n    at Module.load (node:internal/modules/cjs/loader:1119:32)\n    at Module._load (node:internal/modules/cjs/loader:960:12)\n    at Module.require (node:internal/modules/cjs/loader:1143:19)\n    at require (node:internal/modules/cjs/helpers:110:18)\n    at Object.<anonymous> (D:\\đồ án\\final_project_khai\\router\\category.router.js:3:39)\n    at Module._compile (node:internal/modules/cjs/loader:1256:14)","os":{"loadavg":[0,0,0],"uptime":35047.265},"process":{"argv":["C:\\Program Files\\nodejs\\node.exe","D:\\đồ án\\final_project_khai\\app.js"],"cwd":"D:\\đồ án\\final_project_khai","execPath":"C:\\Program Files\\nodejs\\node.exe","gid":null,"memoryUsage":{"arrayBuffers":18842623,"external":19770658,"heapTotal":37408768,"heapUsed":25270344,"rss":73854976},"pid":15696,"uid":null,"version":"v18.16.1"},"stack":"D:\\đồ án\\final_project_khai\\controllers\\category.controller.js:71\n      if(category.status ==)\n                           ^\n\nSyntaxError: Unexpected token ')'\n    at internalCompileFunction (node:internal/vm:73:18)\n    at wrapSafe (node:internal/modules/cjs/loader:1178:20)\n    at Module._compile (node:internal/modules/cjs/loader:1220:27)\n    at Module._extensions..js (node:internal/modules/cjs/loader:1310:10)\n    at Module.load (node:internal/modules/cjs/loader:1119:32)\n    at Module._load (node:internal/modules/cjs/loader:960:12)\n    at Module.require (node:internal/modules/cjs/loader:1143:19)\n    at require (node:internal/modules/cjs/helpers:110:18)\n    at Object.<anonymous> (D:\\đồ án\\final_project_khai\\router\\category.router.js:3:39)\n    at Module._compile (node:internal/modules/cjs/loader:1256:14)","trace":[{"column":18,"file":"node:internal/vm","function":"internalCompileFunction","line":73,"method":null,"native":false},{"column":20,"file":"node:internal/modules/cjs/loader","function":"wrapSafe","line":1178,"method":null,"native":false},{"column":27,"file":"node:internal/modules/cjs/loader","function":"Module._compile","line":1220,"method":"_compile","native":false},{"column":10,"file":"node:internal/modules/cjs/loader","function":"Module._extensions..js","line":1310,"method":".js","native":false},{"column":32,"file":"node:internal/modules/cjs/loader","function":"Module.load","line":1119,"method":"load","native":false},{"column":12,"file":"node:internal/modules/cjs/loader","function":"Module._load","line":960,"method":"_load","native":false},{"column":19,"file":"node:internal/modules/cjs/loader","function":"Module.require","line":1143,"method":"require","native":false},{"column":18,"file":"node:internal/modules/cjs/helpers","function":"require","line":110,"method":null,"native":false},{"column":39,"file":"D:\\đồ án\\final_project_khai\\router\\category.router.js","function":null,"line":3,"method":null,"native":false},{"column":14,"file":"node:internal/modules/cjs/loader","function":"Module._compile","line":1256,"method":"_compile","native":false}]}
2023-09-05T03:12:08.517Z [31merror[39m: uncaughtException: Unexpected identifier
D:\đồ án\final_project_khai\controllers\category.controller.js:72
    category.status = 2;
    ^^^^^^^^

SyntaxError: Unexpected identifier
    at internalCompileFunction (node:internal/vm:73:18)
    at wrapSafe (node:internal/modules/cjs/loader:1178:20)
    at Module._compile (node:internal/modules/cjs/loader:1220:27)
    at Module._extensions..js (node:internal/modules/cjs/loader:1310:10)
    at Module.load (node:internal/modules/cjs/loader:1119:32)
    at Module._load (node:internal/modules/cjs/loader:960:12)
    at Module.require (node:internal/modules/cjs/loader:1143:19)
    at require (node:internal/modules/cjs/helpers:110:18)
    at Object.<anonymous> (D:\đồ án\final_project_khai\router\category.router.js:3:39)
    at Module._compile (node:internal/modules/cjs/loader:1256:14) - D:\đồ án\final_project_khai\controllers\category.controller.js:72
    category.status = 2;
    ^^^^^^^^

SyntaxError: Unexpected identifier
    at internalCompileFunction (node:internal/vm:73:18)
    at wrapSafe (node:internal/modules/cjs/loader:1178:20)
    at Module._compile (node:internal/modules/cjs/loader:1220:27)
    at Module._extensions..js (node:internal/modules/cjs/loader:1310:10)
    at Module.load (node:internal/modules/cjs/loader:1119:32)
    at Module._load (node:internal/modules/cjs/loader:960:12)
    at Module.require (node:internal/modules/cjs/loader:1143:19)
    at require (node:internal/modules/cjs/helpers:110:18)
    at Object.<anonymous> (D:\đồ án\final_project_khai\router\category.router.js:3:39)
    at Module._compile (node:internal/modules/cjs/loader:1256:14)
{"date":"Tue Sep 05 2023 10:12:08 GMT+0700 (Indochina Time)","error":{},"exception":true,"level":"error","message":"uncaughtException: Unexpected identifier\nD:\\đồ án\\final_project_khai\\controllers\\category.controller.js:72\n    category.status = 2;\n    ^^^^^^^^\n\nSyntaxError: Unexpected identifier\n    at internalCompileFunction (node:internal/vm:73:18)\n    at wrapSafe (node:internal/modules/cjs/loader:1178:20)\n    at Module._compile (node:internal/modules/cjs/loader:1220:27)\n    at Module._extensions..js (node:internal/modules/cjs/loader:1310:10)\n    at Module.load (node:internal/modules/cjs/loader:1119:32)\n    at Module._load (node:internal/modules/cjs/loader:960:12)\n    at Module.require (node:internal/modules/cjs/loader:1143:19)\n    at require (node:internal/modules/cjs/helpers:110:18)\n    at Object.<anonymous> (D:\\đồ án\\final_project_khai\\router\\category.router.js:3:39)\n    at Module._compile (node:internal/modules/cjs/loader:1256:14)","os":{"loadavg":[0,0,0],"uptime":35059.203},"process":{"argv":["C:\\Program Files\\nodejs\\node.exe","D:\\đồ án\\final_project_khai\\app.js"],"cwd":"D:\\đồ án\\final_project_khai","execPath":"C:\\Program Files\\nodejs\\node.exe","gid":null,"memoryUsage":{"arrayBuffers":18865018,"external":19793053,"heapTotal":37408768,"heapUsed":25332472,"rss":73486336},"pid":4484,"uid":null,"version":"v18.16.1"},"stack":"D:\\đồ án\\final_project_khai\\controllers\\category.controller.js:72\n    category.status = 2;\n    ^^^^^^^^\n\nSyntaxError: Unexpected identifier\n    at internalCompileFunction (node:internal/vm:73:18)\n    at wrapSafe (node:internal/modules/cjs/loader:1178:20)\n    at Module._compile (node:internal/modules/cjs/loader:1220:27)\n    at Module._extensions..js (node:internal/modules/cjs/loader:1310:10)\n    at Module.load (node:internal/modules/cjs/loader:1119:32)\n    at Module._load (node:internal/modules/cjs/loader:960:12)\n    at Module.require (node:internal/modules/cjs/loader:1143:19)\n    at require (node:internal/modules/cjs/helpers:110:18)\n    at Object.<anonymous> (D:\\đồ án\\final_project_khai\\router\\category.router.js:3:39)\n    at Module._compile (node:internal/modules/cjs/loader:1256:14)","trace":[{"column":18,"file":"node:internal/vm","function":"internalCompileFunction","line":73,"method":null,"native":false},{"column":20,"file":"node:internal/modules/cjs/loader","function":"wrapSafe","line":1178,"method":null,"native":false},{"column":27,"file":"node:internal/modules/cjs/loader","function":"Module._compile","line":1220,"method":"_compile","native":false},{"column":10,"file":"node:internal/modules/cjs/loader","function":"Module._extensions..js","line":1310,"method":".js","native":false},{"column":32,"file":"node:internal/modules/cjs/loader","function":"Module.load","line":1119,"method":"load","native":false},{"column":12,"file":"node:internal/modules/cjs/loader","function":"Module._load","line":960,"method":"_load","native":false},{"column":19,"file":"node:internal/modules/cjs/loader","function":"Module.require","line":1143,"method":"require","native":false},{"column":18,"file":"node:internal/modules/cjs/helpers","function":"require","line":110,"method":null,"native":false},{"column":39,"file":"D:\\đồ án\\final_project_khai\\router\\category.router.js","function":null,"line":3,"method":null,"native":false},{"column":14,"file":"node:internal/modules/cjs/loader","function":"Module._compile","line":1256,"method":"_compile","native":false}]}
2023-09-05T03:12:09.808Z [31merror[39m: uncaughtException: Unexpected token '.'
D:\đồ án\final_project_khai\controllers\category.controller.js:72
    category.status = 2;
            ^

SyntaxError: Unexpected token '.'
    at internalCompileFunction (node:internal/vm:73:18)
    at wrapSafe (node:internal/modules/cjs/loader:1178:20)
    at Module._compile (node:internal/modules/cjs/loader:1220:27)
    at Module._extensions..js (node:internal/modules/cjs/loader:1310:10)
    at Module.load (node:internal/modules/cjs/loader:1119:32)
    at Module._load (node:internal/modules/cjs/loader:960:12)
    at Module.require (node:internal/modules/cjs/loader:1143:19)
    at require (node:internal/modules/cjs/helpers:110:18)
    at Object.<anonymous> (D:\đồ án\final_project_khai\router\category.router.js:3:39)
    at Module._compile (node:internal/modules/cjs/loader:1256:14) - D:\đồ án\final_project_khai\controllers\category.controller.js:72
    category.status = 2;
            ^

SyntaxError: Unexpected token '.'
    at internalCompileFunction (node:internal/vm:73:18)
    at wrapSafe (node:internal/modules/cjs/loader:1178:20)
    at Module._compile (node:internal/modules/cjs/loader:1220:27)
    at Module._extensions..js (node:internal/modules/cjs/loader:1310:10)
    at Module.load (node:internal/modules/cjs/loader:1119:32)
    at Module._load (node:internal/modules/cjs/loader:960:12)
    at Module.require (node:internal/modules/cjs/loader:1143:19)
    at require (node:internal/modules/cjs/helpers:110:18)
    at Object.<anonymous> (D:\đồ án\final_project_khai\router\category.router.js:3:39)
    at Module._compile (node:internal/modules/cjs/loader:1256:14)
{"date":"Tue Sep 05 2023 10:12:09 GMT+0700 (Indochina Time)","error":{},"exception":true,"level":"error","message":"uncaughtException: Unexpected token '.'\nD:\\đồ án\\final_project_khai\\controllers\\category.controller.js:72\n    category.status = 2;\n            ^\n\nSyntaxError: Unexpected token '.'\n    at internalCompileFunction (node:internal/vm:73:18)\n    at wrapSafe (node:internal/modules/cjs/loader:1178:20)\n    at Module._compile (node:internal/modules/cjs/loader:1220:27)\n    at Module._extensions..js (node:internal/modules/cjs/loader:1310:10)\n    at Module.load (node:internal/modules/cjs/loader:1119:32)\n    at Module._load (node:internal/modules/cjs/loader:960:12)\n    at Module.require (node:internal/modules/cjs/loader:1143:19)\n    at require (node:internal/modules/cjs/helpers:110:18)\n    at Object.<anonymous> (D:\\đồ án\\final_project_khai\\router\\category.router.js:3:39)\n    at Module._compile (node:internal/modules/cjs/loader:1256:14)","os":{"loadavg":[0,0,0],"uptime":35060.5},"process":{"argv":["C:\\Program Files\\nodejs\\node.exe","D:\\đồ án\\final_project_khai\\app.js"],"cwd":"D:\\đồ án\\final_project_khai","execPath":"C:\\Program Files\\nodejs\\node.exe","gid":null,"memoryUsage":{"arrayBuffers":18850815,"external":19778850,"heapTotal":37408768,"heapUsed":25326104,"rss":73678848},"pid":12844,"uid":null,"version":"v18.16.1"},"stack":"D:\\đồ án\\final_project_khai\\controllers\\category.controller.js:72\n    category.status = 2;\n            ^\n\nSyntaxError: Unexpected token '.'\n    at internalCompileFunction (node:internal/vm:73:18)\n    at wrapSafe (node:internal/modules/cjs/loader:1178:20)\n    at Module._compile (node:internal/modules/cjs/loader:1220:27)\n    at Module._extensions..js (node:internal/modules/cjs/loader:1310:10)\n    at Module.load (node:internal/modules/cjs/loader:1119:32)\n    at Module._load (node:internal/modules/cjs/loader:960:12)\n    at Module.require (node:internal/modules/cjs/loader:1143:19)\n    at require (node:internal/modules/cjs/helpers:110:18)\n    at Object.<anonymous> (D:\\đồ án\\final_project_khai\\router\\category.router.js:3:39)\n    at Module._compile (node:internal/modules/cjs/loader:1256:14)","trace":[{"column":18,"file":"node:internal/vm","function":"internalCompileFunction","line":73,"method":null,"native":false},{"column":20,"file":"node:internal/modules/cjs/loader","function":"wrapSafe","line":1178,"method":null,"native":false},{"column":27,"file":"node:internal/modules/cjs/loader","function":"Module._compile","line":1220,"method":"_compile","native":false},{"column":10,"file":"node:internal/modules/cjs/loader","function":"Module._extensions..js","line":1310,"method":".js","native":false},{"column":32,"file":"node:internal/modules/cjs/loader","function":"Module.load","line":1119,"method":"load","native":false},{"column":12,"file":"node:internal/modules/cjs/loader","function":"Module._load","line":960,"method":"_load","native":false},{"column":19,"file":"node:internal/modules/cjs/loader","function":"Module.require","line":1143,"method":"require","native":false},{"column":18,"file":"node:internal/modules/cjs/helpers","function":"require","line":110,"method":null,"native":false},{"column":39,"file":"D:\\đồ án\\final_project_khai\\router\\category.router.js","function":null,"line":3,"method":null,"native":false},{"column":14,"file":"node:internal/modules/cjs/loader","function":"Module._compile","line":1256,"method":"_compile","native":false}]}
2023-09-05T03:12:13.001Z [31merror[39m: uncaughtException: Invalid or unexpected token
D:\đồ án\final_project_khai\controllers\category.controller.js:71
      if(category.status === 2) return res.json({ status: 404, message: "Category ha
                                                                        ^^^^^^^^^^^^

SyntaxError: Invalid or unexpected token
    at internalCompileFunction (node:internal/vm:73:18)
    at wrapSafe (node:internal/modules/cjs/loader:1178:20)
    at Module._compile (node:internal/modules/cjs/loader:1220:27)
    at Module._extensions..js (node:internal/modules/cjs/loader:1310:10)
    at Module.load (node:internal/modules/cjs/loader:1119:32)
    at Module._load (node:internal/modules/cjs/loader:960:12)
    at Module.require (node:internal/modules/cjs/loader:1143:19)
    at require (node:internal/modules/cjs/helpers:110:18)
    at Object.<anonymous> (D:\đồ án\final_project_khai\router\category.router.js:3:39)
    at Module._compile (node:internal/modules/cjs/loader:1256:14) - D:\đồ án\final_project_khai\controllers\category.controller.js:71
      if(category.status === 2) return res.json({ status: 404, message: "Category ha
                                                                        ^^^^^^^^^^^^

SyntaxError: Invalid or unexpected token
    at internalCompileFunction (node:internal/vm:73:18)
    at wrapSafe (node:internal/modules/cjs/loader:1178:20)
    at Module._compile (node:internal/modules/cjs/loader:1220:27)
    at Module._extensions..js (node:internal/modules/cjs/loader:1310:10)
    at Module.load (node:internal/modules/cjs/loader:1119:32)
    at Module._load (node:internal/modules/cjs/loader:960:12)
    at Module.require (node:internal/modules/cjs/loader:1143:19)
    at require (node:internal/modules/cjs/helpers:110:18)
    at Object.<anonymous> (D:\đồ án\final_project_khai\router\category.router.js:3:39)
    at Module._compile (node:internal/modules/cjs/loader:1256:14)
{"date":"Tue Sep 05 2023 10:12:12 GMT+0700 (Indochina Time)","error":{},"exception":true,"level":"error","message":"uncaughtException: Invalid or unexpected token\nD:\\đồ án\\final_project_khai\\controllers\\category.controller.js:71\n      if(category.status === 2) return res.json({ status: 404, message: \"Category ha\n                                                                        ^^^^^^^^^^^^\n\nSyntaxError: Invalid or unexpected token\n    at internalCompileFunction (node:internal/vm:73:18)\n    at wrapSafe (node:internal/modules/cjs/loader:1178:20)\n    at Module._compile (node:internal/modules/cjs/loader:1220:27)\n    at Module._extensions..js (node:internal/modules/cjs/loader:1310:10)\n    at Module.load (node:internal/modules/cjs/loader:1119:32)\n    at Module._load (node:internal/modules/cjs/loader:960:12)\n    at Module.require (node:internal/modules/cjs/loader:1143:19)\n    at require (node:internal/modules/cjs/helpers:110:18)\n    at Object.<anonymous> (D:\\đồ án\\final_project_khai\\router\\category.router.js:3:39)\n    at Module._compile (node:internal/modules/cjs/loader:1256:14)","os":{"loadavg":[0,0,0],"uptime":35063.687},"process":{"argv":["C:\\Program Files\\nodejs\\node.exe","D:\\đồ án\\final_project_khai\\app.js"],"cwd":"D:\\đồ án\\final_project_khai","execPath":"C:\\Program Files\\nodejs\\node.exe","gid":null,"memoryUsage":{"arrayBuffers":18865018,"external":19793053,"heapTotal":37408768,"heapUsed":25364544,"rss":73523200},"pid":10184,"uid":null,"version":"v18.16.1"},"stack":"D:\\đồ án\\final_project_khai\\controllers\\category.controller.js:71\n      if(category.status === 2) return res.json({ status: 404, message: \"Category ha\n                                                                        ^^^^^^^^^^^^\n\nSyntaxError: Invalid or unexpected token\n    at internalCompileFunction (node:internal/vm:73:18)\n    at wrapSafe (node:internal/modules/cjs/loader:1178:20)\n    at Module._compile (node:internal/modules/cjs/loader:1220:27)\n    at Module._extensions..js (node:internal/modules/cjs/loader:1310:10)\n    at Module.load (node:internal/modules/cjs/loader:1119:32)\n    at Module._load (node:internal/modules/cjs/loader:960:12)\n    at Module.require (node:internal/modules/cjs/loader:1143:19)\n    at require (node:internal/modules/cjs/helpers:110:18)\n    at Object.<anonymous> (D:\\đồ án\\final_project_khai\\router\\category.router.js:3:39)\n    at Module._compile (node:internal/modules/cjs/loader:1256:14)","trace":[{"column":18,"file":"node:internal/vm","function":"internalCompileFunction","line":73,"method":null,"native":false},{"column":20,"file":"node:internal/modules/cjs/loader","function":"wrapSafe","line":1178,"method":null,"native":false},{"column":27,"file":"node:internal/modules/cjs/loader","function":"Module._compile","line":1220,"method":"_compile","native":false},{"column":10,"file":"node:internal/modules/cjs/loader","function":"Module._extensions..js","line":1310,"method":".js","native":false},{"column":32,"file":"node:internal/modules/cjs/loader","function":"Module.load","line":1119,"method":"load","native":false},{"column":12,"file":"node:internal/modules/cjs/loader","function":"Module._load","line":960,"method":"_load","native":false},{"column":19,"file":"node:internal/modules/cjs/loader","function":"Module.require","line":1143,"method":"require","native":false},{"column":18,"file":"node:internal/modules/cjs/helpers","function":"require","line":110,"method":null,"native":false},{"column":39,"file":"D:\\đồ án\\final_project_khai\\router\\category.router.js","function":null,"line":3,"method":null,"native":false},{"column":14,"file":"node:internal/modules/cjs/loader","function":"Module._compile","line":1256,"method":"_compile","native":false}]}
2023-09-05T03:12:30.975Z [31merror[39m: uncaughtException: de is not defined
ReferenceError: de is not defined
    at Object.<anonymous> (D:\đồ án\final_project_khai\models\user.model.js:11:43)
    at Module._compile (node:internal/modules/cjs/loader:1256:14)
    at Module._extensions..js (node:internal/modules/cjs/loader:1310:10)
    at Module.load (node:internal/modules/cjs/loader:1119:32)
    at Module._load (node:internal/modules/cjs/loader:960:12)
    at Module.require (node:internal/modules/cjs/loader:1143:19)
    at require (node:internal/modules/cjs/helpers:110:18)
    at Object.<anonymous> (D:\đồ án\final_project_khai\controllers\user.controller.js:1:14)
    at Module._compile (node:internal/modules/cjs/loader:1256:14)
    at Module._extensions..js (node:internal/modules/cjs/loader:1310:10) - ReferenceError: de is not defined
    at Object.<anonymous> (D:\đồ án\final_project_khai\models\user.model.js:11:43)
    at Module._compile (node:internal/modules/cjs/loader:1256:14)
    at Module._extensions..js (node:internal/modules/cjs/loader:1310:10)
    at Module.load (node:internal/modules/cjs/loader:1119:32)
    at Module._load (node:internal/modules/cjs/loader:960:12)
    at Module.require (node:internal/modules/cjs/loader:1143:19)
    at require (node:internal/modules/cjs/helpers:110:18)
    at Object.<anonymous> (D:\đồ án\final_project_khai\controllers\user.controller.js:1:14)
    at Module._compile (node:internal/modules/cjs/loader:1256:14)
    at Module._extensions..js (node:internal/modules/cjs/loader:1310:10)
{"date":"Tue Sep 05 2023 10:12:30 GMT+0700 (Indochina Time)","error":{},"exception":true,"level":"error","message":"uncaughtException: de is not defined\nReferenceError: de is not defined\n    at Object.<anonymous> (D:\\đồ án\\final_project_khai\\models\\user.model.js:11:43)\n    at Module._compile (node:internal/modules/cjs/loader:1256:14)\n    at Module._extensions..js (node:internal/modules/cjs/loader:1310:10)\n    at Module.load (node:internal/modules/cjs/loader:1119:32)\n    at Module._load (node:internal/modules/cjs/loader:960:12)\n    at Module.require (node:internal/modules/cjs/loader:1143:19)\n    at require (node:internal/modules/cjs/helpers:110:18)\n    at Object.<anonymous> (D:\\đồ án\\final_project_khai\\controllers\\user.controller.js:1:14)\n    at Module._compile (node:internal/modules/cjs/loader:1256:14)\n    at Module._extensions..js (node:internal/modules/cjs/loader:1310:10)","os":{"loadavg":[0,0,0],"uptime":35081.656},"process":{"argv":["C:\\Program Files\\nodejs\\node.exe","D:\\đồ án\\final_project_khai\\app.js"],"cwd":"D:\\đồ án\\final_project_khai","execPath":"C:\\Program Files\\nodejs\\node.exe","gid":null,"memoryUsage":{"arrayBuffers":18873210,"external":19801245,"heapTotal":37670912,"heapUsed":25743968,"rss":73850880},"pid":12816,"uid":null,"version":"v18.16.1"},"stack":"ReferenceError: de is not defined\n    at Object.<anonymous> (D:\\đồ án\\final_project_khai\\models\\user.model.js:11:43)\n    at Module._compile (node:internal/modules/cjs/loader:1256:14)\n    at Module._extensions..js (node:internal/modules/cjs/loader:1310:10)\n    at Module.load (node:internal/modules/cjs/loader:1119:32)\n    at Module._load (node:internal/modules/cjs/loader:960:12)\n    at Module.require (node:internal/modules/cjs/loader:1143:19)\n    at require (node:internal/modules/cjs/helpers:110:18)\n    at Object.<anonymous> (D:\\đồ án\\final_project_khai\\controllers\\user.controller.js:1:14)\n    at Module._compile (node:internal/modules/cjs/loader:1256:14)\n    at Module._extensions..js (node:internal/modules/cjs/loader:1310:10)","trace":[{"column":43,"file":"D:\\đồ án\\final_project_khai\\models\\user.model.js","function":null,"line":11,"method":null,"native":false},{"column":14,"file":"node:internal/modules/cjs/loader","function":"Module._compile","line":1256,"method":"_compile","native":false},{"column":10,"file":"node:internal/modules/cjs/loader","function":"Module._extensions..js","line":1310,"method":".js","native":false},{"column":32,"file":"node:internal/modules/cjs/loader","function":"Module.load","line":1119,"method":"load","native":false},{"column":12,"file":"node:internal/modules/cjs/loader","function":"Module._load","line":960,"method":"_load","native":false},{"column":19,"file":"node:internal/modules/cjs/loader","function":"Module.require","line":1143,"method":"require","native":false},{"column":18,"file":"node:internal/modules/cjs/helpers","function":"require","line":110,"method":null,"native":false},{"column":14,"file":"D:\\đồ án\\final_project_khai\\controllers\\user.controller.js","function":null,"line":1,"method":null,"native":false},{"column":14,"file":"node:internal/modules/cjs/loader","function":"Module._compile","line":1256,"method":"_compile","native":false},{"column":10,"file":"node:internal/modules/cjs/loader","function":"Module._extensions..js","line":1310,"method":".js","native":false}]}
